生成启动时间为 2011-10-29 22:29:00。
     1>项目“G:\程序作业\3-5\3-5\3-5.vcxproj”在节点 2 上(build 个目标)。
     1>InitializeBuildStatus:
         正在创建“Debug\3-5.unsuccessfulbuild”，因为已指定“AlwaysCreate”。
       ClCompile:
         C:\Program Files\Microsoft Visual Studio 10.0\VC\bin\CL.exe /c /ZI /nologo /W3 /WX- /Od /Oy- /D _MBCS /Gm /EHsc /RTC1 /MDd /GS /fp:precise /Zc:wchar_t /Zc:forScope /Fo"Debug\\" /Fd"Debug\vc100.pdb" /Gd /TP /analyze- /errorReport:prompt "3-5.cpp"
         3-5.cpp
     1>g:\程序作业\3-5\3-5\3-5.cpp(79): warning C4101: “temp”: 未引用的局部变量
       Link:
         C:\Program Files\Microsoft Visual Studio 10.0\VC\bin\link.exe /ERRORREPORT:PROMPT /OUT:"G:\程序作业\3-5\Debug\3-5.exe" /NOLOGO kernel32.lib user32.lib gdi32.lib winspool.lib comdlg32.lib advapi32.lib shell32.lib ole32.lib oleaut32.lib uuid.lib odbc32.lib odbccp32.lib /MANIFEST /ManifestFile:"Debug\3-5.exe.intermediate.manifest" /MANIFESTUAC:"level='asInvoker' uiAccess='false'" /DEBUG /PDB:"G:\程序作业\3-5\Debug\3-5.pdb" /TLBID:1 /DYNAMICBASE /NXCOMPAT /IMPLIB:"G:\程序作业\3-5\Debug\3-5.lib" /MACHINE:X86 "Debug\3-5.obj"
         LINK : 没有找到 G:\程序作业\3-5\Debug\3-5.exe 或上一个增量链接没有生成它；正在执行完全链接
         3-5.vcxproj -> G:\程序作业\3-5\Debug\3-5.exe
       Manifest:
         C:\Program Files\Microsoft SDKs\Windows\v7.0A\bin\mt.exe /nologo /verbose /outputresource:"G:\程序作业\3-5\Debug\3-5.exe;#1" /manifest "Debug\3-5.exe.intermediate.manifest"
       FinalizeBuildStatus:
         正在删除文件“Debug\3-5.unsuccessfulbuild”。
         正在对“Debug\3-5.lastbuildstate”执行 Touch 任务。
     1>已完成生成项目“G:\程序作业\3-5\3-5\3-5.vcxproj”(build 个目标)的操作。

生成成功。

已用时间 00:00:00.79
