生成启动时间为 2010/12/28 1:35:39。
     1>项目“D:\C source code\HW\HW5_7_8\HW5_7_8\HW5_7_8.vcxproj”在节点 2 上(rebuild 个目标)。
     1>_PrepareForClean:
         正在删除文件“Debug\HW5_7_8.lastbuildstate”。
       InitializeBuildStatus:
         正在创建“Debug\HW5_7_8.unsuccessfulbuild”，因为已指定“AlwaysCreate”。
       ClCompile:
         C:\Program Files\Microsoft Visual Studio 10.0\VC\bin\CL.exe /c /ZI /nologo /W3 /WX- /Od /Oy- /D WIN32 /D _DEBUG /D _CONSOLE /D _UNICODE /D UNICODE /Gm /EHsc /RTC1 /MDd /GS /fp:precise /Zc:wchar_t /Zc:forScope /Fo"Debug\\" /Fd"Debug\vc100.pdb" /Gd /TP /analyze- /errorReport:prompt test.cpp Tree.cpp
         Tree.cpp
         test.cpp
         正在生成代码...
       ManifestResourceCompile:
         C:\Program Files\Microsoft SDKs\Windows\v7.0A\bin\rc.exe /nologo /fo"Debug\HW5_7_8.exe.embed.manifest.res" Debug\HW5_7_8_manifest.rc 
       Link:
         C:\Program Files\Microsoft Visual Studio 10.0\VC\bin\link.exe /ERRORREPORT:PROMPT /OUT:"D:\C source code\HW\HW5_7_8\Debug\HW5_7_8.exe" /INCREMENTAL /NOLOGO kernel32.lib user32.lib gdi32.lib winspool.lib comdlg32.lib advapi32.lib shell32.lib ole32.lib oleaut32.lib uuid.lib odbc32.lib odbccp32.lib /MANIFEST /ManifestFile:"Debug\HW5_7_8.exe.intermediate.manifest" /MANIFESTUAC:"level='asInvoker' uiAccess='false'" /DEBUG /PDB:"D:\C source code\HW\HW5_7_8\Debug\HW5_7_8.pdb" /SUBSYSTEM:CONSOLE /TLBID:1 /DYNAMICBASE /NXCOMPAT /IMPLIB:"D:\C source code\HW\HW5_7_8\Debug\HW5_7_8.lib" /MACHINE:X86 Debug\HW5_7_8.exe.embed.manifest.res
         Debug\test.obj
         Debug\Tree.obj
       Manifest:
         正在删除文件“Debug\HW5_7_8.exe.embed.manifest”。
         C:\Program Files\Microsoft SDKs\Windows\v7.0A\bin\mt.exe /nologo /verbose /out:"Debug\HW5_7_8.exe.embed.manifest" /manifest Debug\HW5_7_8.exe.intermediate.manifest
         C:\Program Files\Microsoft SDKs\Windows\v7.0A\bin\rc.exe /nologo /fo"Debug\HW5_7_8.exe.embed.manifest.res" Debug\HW5_7_8_manifest.rc 
       LinkEmbedManifest:
         C:\Program Files\Microsoft Visual Studio 10.0\VC\bin\link.exe /ERRORREPORT:PROMPT /OUT:"D:\C source code\HW\HW5_7_8\Debug\HW5_7_8.exe" /INCREMENTAL /NOLOGO kernel32.lib user32.lib gdi32.lib winspool.lib comdlg32.lib advapi32.lib shell32.lib ole32.lib oleaut32.lib uuid.lib odbc32.lib odbccp32.lib /MANIFEST /ManifestFile:"Debug\HW5_7_8.exe.intermediate.manifest" /MANIFESTUAC:"level='asInvoker' uiAccess='false'" /DEBUG /PDB:"D:\C source code\HW\HW5_7_8\Debug\HW5_7_8.pdb" /SUBSYSTEM:CONSOLE /TLBID:1 /DYNAMICBASE /NXCOMPAT /IMPLIB:"D:\C source code\HW\HW5_7_8\Debug\HW5_7_8.lib" /MACHINE:X86 Debug\HW5_7_8.exe.embed.manifest.res
         Debug\test.obj
         Debug\Tree.obj
         HW5_7_8.vcxproj -> D:\C source code\HW\HW5_7_8\Debug\HW5_7_8.exe
       FinalizeBuildStatus:
         正在删除文件“Debug\HW5_7_8.unsuccessfulbuild”。
         正在对“Debug\HW5_7_8.lastbuildstate”执行 Touch 任务。
     1>已完成生成项目“D:\C source code\HW\HW5_7_8\HW5_7_8\HW5_7_8.vcxproj”(rebuild 个目标)的操作。

生成成功。

已用时间 00:00:06.65
