生成启动时间为 2010/10/20 16:38:55。
     1>项目“D:\C source code\HW\HW5\HW5\HW5.vcxproj”在节点 2 上(build 个目标)。
     1>InitializeBuildStatus:
         正在创建“Debug\HW5.unsuccessfulbuild”，因为已指定“AlwaysCreate”。
       ClCompile:
         C:\Program Files\Microsoft Visual Studio 10.0\VC\bin\CL.exe /c /ZI /nologo /W3 /WX- /Od /Oy- /D WIN32 /D _DEBUG /D _CONSOLE /D _UNICODE /D UNICODE /Gm /EHsc /RTC1 /MDd /GS /fp:precise /Zc:wchar_t /Zc:forScope /Fo"Debug\\" /Fd"Debug\vc100.pdb" /Gd /TP /analyze- /errorReport:prompt Diamond.cpp "..\..\..\GH Includes\GH_Random.cpp" InvTriangle.cpp main.cpp Polygon.cpp Rectangle.cpp Square.cpp UpTriangle.cpp
         UpTriangle.cpp
         Square.cpp
         Rectangle.cpp
         Polygon.cpp
         main.cpp
         InvTriangle.cpp
         GH_Random.cpp
         Diamond.cpp
         正在生成代码...
       ManifestResourceCompile:
         C:\Program Files\Microsoft SDKs\Windows\v7.0A\bin\rc.exe /nologo /fo"Debug\HW5.exe.embed.manifest.res" Debug\HW5_manifest.rc 
       Link:
         C:\Program Files\Microsoft Visual Studio 10.0\VC\bin\link.exe /ERRORREPORT:PROMPT /OUT:"D:\C source code\HW\HW5\Debug\HW5.exe" /INCREMENTAL /NOLOGO kernel32.lib user32.lib gdi32.lib winspool.lib comdlg32.lib advapi32.lib shell32.lib ole32.lib oleaut32.lib uuid.lib odbc32.lib odbccp32.lib /MANIFEST /ManifestFile:"Debug\HW5.exe.intermediate.manifest" /MANIFESTUAC:"level='asInvoker' uiAccess='false'" /DEBUG /PDB:"D:\C source code\HW\HW5\Debug\HW5.pdb" /SUBSYSTEM:CONSOLE /TLBID:1 /DYNAMICBASE /NXCOMPAT /IMPLIB:"D:\C source code\HW\HW5\Debug\HW5.lib" /MACHINE:X86 Debug\HW5.exe.embed.manifest.res
         Debug\Diamond.obj
         Debug\GH_Random.obj
         Debug\InvTriangle.obj
         Debug\main.obj
         Debug\Polygon.obj
         Debug\Rectangle.obj
         Debug\Square.obj
         Debug\UpTriangle.obj
       Manifest:
         C:\Program Files\Microsoft SDKs\Windows\v7.0A\bin\mt.exe /nologo /verbose /out:"Debug\HW5.exe.embed.manifest" /manifest Debug\HW5.exe.intermediate.manifest
         
     1>mt.exe : general error c101008a: Failed to save the updated manifest to the file "Debug\HW5.exe.embed.manifest". Bp
         cn
         
     1>已完成生成项目“D:\C source code\HW\HW5\HW5\HW5.vcxproj”(build 个目标)的操作 - 失败。

生成失败。

已用时间 00:00:06.08
