生成启动时间为 2010/10/25 19:57:28。
     1>项目“D:\C source code\HW\HW2_8_11\HW2_8_11\HW2_8_11.vcxproj”在节点 2 上(build 个目标)。
     1>InitializeBuildStatus:
         正在创建“Debug\HW2_8_11.unsuccessfulbuild”，因为已指定“AlwaysCreate”。
       ClCompile:
         C:\Program Files\Microsoft Visual Studio 10.0\VC\bin\CL.exe /c /ZI /nologo /W3 /WX- /Od /Oy- /D WIN32 /D _DEBUG /D _CONSOLE /D _UNICODE /D UNICODE /Gm /EHsc /RTC1 /MDd /GS /fp:precise /Zc:wchar_t /Zc:forScope /Fo"Debug\\" /Fd"Debug\vc100.pdb" /Gd /TP /analyze- /errorReport:prompt Num.cpp test.cpp
         Num.cpp
         正在生成代码...
         正在编译...
         test.cpp
         正在生成代码...
       ManifestResourceCompile:
         所有输出均为最新。
       Link:
         C:\Program Files\Microsoft Visual Studio 10.0\VC\bin\link.exe /ERRORREPORT:PROMPT /OUT:"D:\C source code\HW\HW2_8_11\Debug\HW2_8_11.exe" /INCREMENTAL /NOLOGO kernel32.lib user32.lib gdi32.lib winspool.lib comdlg32.lib advapi32.lib shell32.lib ole32.lib oleaut32.lib uuid.lib odbc32.lib odbccp32.lib /MANIFEST /ManifestFile:"Debug\HW2_8_11.exe.intermediate.manifest" /MANIFESTUAC:"level='asInvoker' uiAccess='false'" /DEBUG /PDB:"D:\C source code\HW\HW2_8_11\Debug\HW2_8_11.pdb" /SUBSYSTEM:CONSOLE /TLBID:1 /DYNAMICBASE /NXCOMPAT /IMPLIB:"D:\C source code\HW\HW2_8_11\Debug\HW2_8_11.lib" /MACHINE:X86 Debug\HW2_8_11.exe.embed.manifest.res
         Debug\Num.obj
         Debug\test.obj
       Manifest:
         C:\Program Files\Microsoft SDKs\Windows\v7.0A\bin\mt.exe /nologo /verbose /out:"Debug\HW2_8_11.exe.embed.manifest" /manifest Debug\HW2_8_11.exe.intermediate.manifest
         所有输出均为最新。
       LinkEmbedManifest:
         所有输出均为最新。
         HW2_8_11.vcxproj -> D:\C source code\HW\HW2_8_11\Debug\HW2_8_11.exe
       FinalizeBuildStatus:
         正在删除文件“Debug\HW2_8_11.unsuccessfulbuild”。
         正在对“Debug\HW2_8_11.lastbuildstate”执行 Touch 任务。
     1>已完成生成项目“D:\C source code\HW\HW2_8_11\HW2_8_11\HW2_8_11.vcxproj”(build 个目标)的操作。

生成成功。

已用时间 00:00:02.77
